<?xml version="1.0" encoding="UTF-8"?>
<!-- Generated by org.testng.reporters.JUnitReportReporter -->
<testsuite skipped="0" hostname="raghu-PC" name="TestCases.TestCase" tests="2" failures="0" timestamp="18 Mar 2018 17:20:41 GMT" time="24.589" errors="0">
  <testcase name="TestCase2" time="0.038" classname="TestCases.TestCase"/>
  <testcase name="Test" time="24.551" classname="TestCases.TestCase"/>
</testsuite> <!-- TestCases.TestCase -->
